<?xml version="1.0" encoding="UTF-8"?>
<!-- Generated by org.testng.reporters.JUnitReportReporter -->
<testsuite hostname="DESKTOP-LOPA1VL" failures="0" tests="3" name="Start.Open" time="0.423" errors="0" timestamp="2024-07-01T15:17:00 AST" skipped="0">
  <testcase classname="Start.Open" name="test3" time="0.329"/>
  <testcase classname="Start.Open" name="test2" time="0.025"/>
  <testcase classname="Start.Open" name="test1" time="0.069"/>
</testsuite> <!-- Start.Open -->
